<?xml version="1.0" encoding="UTF-8"?>
<!-- Generated by org.testng.reporters.JUnitReportReporter -->
<testsuite skipped="0" hostname="DESKTOP-F0KHIUD" name="Xero.XeroURL" tests="4" failures="0" timestamp="2020-03-23T15:53:48 MDT" time="34.266" errors="0">
  <testcase name="LoginPage" time="18.574" classname="Xero.XeroURL"/>
  <testcase name="IncorrectPassWord_2" time="7.260" classname="Xero.XeroURL"/>
  <testcase name="IncorrectUserName_3" time="7.208" classname="Xero.XeroURL"/>
  <testcase name="ForgotPassword" time="1.224" classname="Xero.XeroURL"/>
</testsuite> <!-- Xero.XeroURL -->
